mode: set
github.com/lucasfalm/go-training/exercises/cannabisProgram/main.go:13.13,19.2 3 1
github.com/lucasfalm/go-training/exercises/cannabisProgram/main.go:47.20,47.60 1 0
github.com/lucasfalm/go-training/exercises/cannabisProgram/main.go:53.13,58.19 1 0
github.com/lucasfalm/go-training/exercises/cannabisProgram/main.go:69.2,74.23 4 0
github.com/lucasfalm/go-training/exercises/cannabisProgram/main.go:59.9,60.8 1 0
github.com/lucasfalm/go-training/exercises/cannabisProgram/main.go:61.9,62.25 1 0
github.com/lucasfalm/go-training/exercises/cannabisProgram/main.go:63.10,65.9 2 0
github.com/lucasfalm/go-training/exercises/cannabisProgram/main.go:74.23,76.3 1 0
github.com/lucasfalm/go-training/exercises/cannabisProgram/main.go:80.76,83.14 2 1
github.com/lucasfalm/go-training/exercises/cannabisProgram/main.go:87.2,97.19 4 1
github.com/lucasfalm/go-training/exercises/cannabisProgram/main.go:102.2,102.12 1 1
github.com/lucasfalm/go-training/exercises/cannabisProgram/main.go:83.14,85.3 1 0
github.com/lucasfalm/go-training/exercises/cannabisProgram/main.go:97.19,99.3 1 1
github.com/lucasfalm/go-training/exercises/cannabisProgram/main.go:99.8,101.3 1 0
github.com/lucasfalm/go-training/exercises/cannabisProgram/main.go:105.52,106.30 1 1
github.com/lucasfalm/go-training/exercises/cannabisProgram/main.go:113.2,113.14 1 1
github.com/lucasfalm/go-training/exercises/cannabisProgram/main.go:106.30,107.22 1 0
github.com/lucasfalm/go-training/exercises/cannabisProgram/main.go:107.22,108.12 1 0
github.com/lucasfalm/go-training/exercises/cannabisProgram/main.go:109.9,111.4 1 0
github.com/lucasfalm/go-training/exercises/cannabisProgram/main.go:117.35,119.30 2 0
github.com/lucasfalm/go-training/exercises/cannabisProgram/main.go:125.2,125.12 1 0
github.com/lucasfalm/go-training/exercises/cannabisProgram/main.go:119.30,121.27 2 0
github.com/lucasfalm/go-training/exercises/cannabisProgram/main.go:121.27,123.4 1 0
github.com/lucasfalm/go-training/exercises/cannabisProgram/main.go:129.57,130.11 1 1
github.com/lucasfalm/go-training/exercises/cannabisProgram/main.go:134.2,136.8 1 1
github.com/lucasfalm/go-training/exercises/cannabisProgram/main.go:130.11,132.3 1 0
github.com/lucasfalm/go-training/exercises/cannabisProgram/main.go:139.23,149.2 4 1
github.com/lucasfalm/go-training/exercises/cannabisProgram/main.go:150.29,155.16 3 0
github.com/lucasfalm/go-training/exercises/cannabisProgram/main.go:162.2,162.15 1 0
github.com/lucasfalm/go-training/exercises/cannabisProgram/main.go:155.16,158.3 2 0
github.com/lucasfalm/go-training/exercises/cannabisProgram/main.go:163.16,165.17 2 0
github.com/lucasfalm/go-training/exercises/cannabisProgram/main.go:170.3,171.17 2 0
github.com/lucasfalm/go-training/exercises/cannabisProgram/main.go:176.3,177.17 2 0
github.com/lucasfalm/go-training/exercises/cannabisProgram/main.go:181.16,183.17 2 0
github.com/lucasfalm/go-training/exercises/cannabisProgram/main.go:188.3,189.17 2 0
github.com/lucasfalm/go-training/exercises/cannabisProgram/main.go:194.3,195.17 2 0
github.com/lucasfalm/go-training/exercises/cannabisProgram/main.go:199.10,199.10 0 0
github.com/lucasfalm/go-training/exercises/cannabisProgram/main.go:165.17,168.4 2 0
github.com/lucasfalm/go-training/exercises/cannabisProgram/main.go:171.17,174.4 2 0
github.com/lucasfalm/go-training/exercises/cannabisProgram/main.go:177.17,180.4 2 0
github.com/lucasfalm/go-training/exercises/cannabisProgram/main.go:183.17,186.4 2 0
github.com/lucasfalm/go-training/exercises/cannabisProgram/main.go:189.17,192.4 2 0
github.com/lucasfalm/go-training/exercises/cannabisProgram/main.go:195.17,198.4 2 0
